<?xml version="1.0" encoding="UTF-8"?>
<testsuite name="test.java.AlgoTest" tests="3" skipped="0" failures="0" errors="0" timestamp="2018-10-22T20:49:27" hostname="Shaunaks-MacBook-Pro.local" time="0.051">
  <properties/>
  <testcase name="testStraight" classname="test.java.AlgoTest" time="0.047"/>
  <testcase name="testConditions" classname="test.java.AlgoTest" time="0.002"/>
  <testcase name="testHalves" classname="test.java.AlgoTest" time="0.001"/>
  <system-out><![CDATA[]]></system-out>
  <system-err><![CDATA[]]></system-err>
</testsuite>
